2018-10-09 15:37:29,776 - com.cg.bs.dao.BankingDaoImpl - INFO - User requested mini transaction for A/c No. 9002
2018-10-09 15:42:03,096 - com.cg.bs.dao.AdminDaoImpl - INFO - New Customer Added with details : Customer [Pancard=P1004, Customer_name=Yogini, Email=qwere@qeew.com, Address=Pune]
2018-10-09 15:42:03,237 - com.cg.bs.dao.AdminDaoImpl - INFO - New User Added with details : UserTable [user_id=1003, login_password=1asd40#, secret_question=null, Transaction_password=null, lock_status=o, Pancard=P1004]
2018-10-09 15:42:51,757 - com.cg.bs.dao.AdminDaoImpl - INFO - New Account Added with details : AccountMaster [Account_ID=9003, User_ID=1003, Account_Balance=9000.0, Account_Type=Savings, open_date=2018-10-09]
2018-10-09 15:43:58,369 - com.cg.bs.dao.BankingDaoImpl - INFO - New Payee 9003yogini added by user 1001
2018-10-09 15:45:22,960 - com.cg.bs.service.BankingServiceImpl - WARN - Insufficient Balance for A/c No. 9002
2018-10-09 15:45:55,384 - com.cg.bs.service.BankingServiceImpl - INFO - Fund transfer to Account No 9003from Account No. 9002. Current Balance of Account No. 9002 is 18000.0
2018-10-09 15:46:43,732 - com.cg.bs.dao.BankingDaoImpl - INFO - User requested mini transaction for A/c No. 9002
2018-10-09 15:47:56,808 - com.cg.bs.dao.BankingDaoImpl - INFO - User requested detailed transaction for A/c No. 9002 from 05-OCT-18 to 10-OCT-18
2018-10-09 15:49:29,393 - com.cg.bs.dao.AdminDaoImpl - INFO - New Account Added with details : AccountMaster [Account_ID=9004, User_ID=1002, Account_Balance=12000.0, Account_Type=Savings, open_date=2018-10-09]
2018-10-09 15:50:00,394 - com.cg.bs.dao.BankingDaoImpl - INFO - User requested detailed transaction for A/c No. 9002 from 05-OCT-18 to 10-OCT-18
2018-10-09 16:02:33,131 - com.cg.bs.service.BankingServiceImpl - INFO - Fund transfer to Account No 9002from Account No. 9000. Current Balance of Account No. 9000 is 5000.0
2018-10-09 16:05:02,227 - com.cg.bs.dao.AdminDaoImpl - INFO - New Customer Added with details : Customer [Pancard=P0015, Customer_name=Harshi, Email=har@gm.co, Address=pune]
2018-10-09 16:05:02,321 - com.cg.bs.dao.AdminDaoImpl - INFO - New User Added with details : UserTable [user_id=1004, login_password=1asd40#, secret_question=null, Transaction_password=null, lock_status=o, Pancard=P0015]
2018-10-09 16:05:14,553 - com.cg.bs.dao.AdminDaoImpl - INFO - New Account Added with details : AccountMaster [Account_ID=9005, User_ID=1004, Account_Balance=5800.0, Account_Type=savings, open_date=2018-10-09]
2018-10-09 16:06:01,056 - com.cg.bs.dao.BankingDaoImpl - INFO - New Payee 9005Harshi added by user 1001
2018-10-09 17:34:54,307 - com.cg.bs.dao.BankingDaoImpl - INFO - User requested mini transaction for A/c No. 9002
2018-10-09 17:36:58,544 - com.cg.bs.dao.BankingDaoImpl - INFO - User requested detailed transaction for A/c No. 9000 from 1-OCT-18 to 7-OCT-18
2018-10-09 17:37:21,131 - com.cg.bs.dao.BankingDaoImpl - INFO - User requested detailed transaction for A/c No. 9002 from 01-OCT-18 to 06-OCT-18
2018-10-09 17:37:51,906 - com.cg.bs.dao.BankingDaoImpl - INFO - User requested detailed transaction for A/c No. 9002 from 01-OCT-18 to 05-OCT-18
2018-10-09 17:39:29,380 - com.cg.bs.dao.BankingDaoImpl - INFO - User requested detailed transaction for A/c No. 9002 from 01-OCT-18 to 10-OCT-18
